2012/02/12 16:39:36 [error] [php] include(Controller.php) [<a href='function.include'>function.include</a>]: failed to open stream: No such file or directory (C:\wamp\www\yiic\framework\YiiBase.php:418)
Stack trace:
#0 C:\wamp\www\futuremail\protected\controllers\SiteController.php(4): spl_autoload_call()
#1 C:\wamp\www\yiic\framework\web\CWebApplication.php(344): require()
#2 C:\wamp\www\yiic\framework\web\CWebApplication.php(270): CWebApplication->createController()
#3 C:\wamp\www\yiic\framework\web\CWebApplication.php(135): CWebApplication->runController()
#4 C:\wamp\www\yiic\framework\base\CApplication.php(162): CWebApplication->processRequest()
#5 C:\wamp\www\futuremail\index.php(13): CWebApplication->run()
REQUEST_URI=/futuremail/index.php
in C:\wamp\www\futuremail\protected\controllers\SiteController.php (4)
in C:\wamp\www\futuremail\index.php (13)
2012/02/12 16:44:55 [error] [php] include(Controller.php) [<a href='function.include'>function.include</a>]: failed to open stream: No such file or directory (C:\wamp\www\yiic\framework\YiiBase.php:418)
Stack trace:
#0 C:\wamp\www\futuremail\protected\controllers\SiteController.php(4): spl_autoload_call()
#1 C:\wamp\www\yiic\framework\web\CWebApplication.php(344): require()
#2 C:\wamp\www\yiic\framework\web\CWebApplication.php(270): CWebApplication->createController()
#3 C:\wamp\www\yiic\framework\web\CWebApplication.php(135): CWebApplication->runController()
#4 C:\wamp\www\yiic\framework\base\CApplication.php(162): CWebApplication->processRequest()
#5 C:\wamp\www\futuremail\index.php(13): CWebApplication->run()
REQUEST_URI=/futuremail/index.php
in C:\wamp\www\futuremail\protected\controllers\SiteController.php (4)
in C:\wamp\www\futuremail\index.php (13)
2012/02/12 16:45:48 [error] [php] include(Controller.php) [<a href='function.include'>function.include</a>]: failed to open stream: No such file or directory (C:\wamp\www\yiic\framework\YiiBase.php:418)
Stack trace:
#0 C:\wamp\www\futuremail\protected\controllers\SiteController.php(4): spl_autoload_call()
#1 C:\wamp\www\yiic\framework\web\CWebApplication.php(344): require()
#2 C:\wamp\www\yiic\framework\web\CWebApplication.php(270): CWebApplication->createController()
#3 C:\wamp\www\yiic\framework\web\CWebApplication.php(135): CWebApplication->runController()
#4 C:\wamp\www\yiic\framework\base\CApplication.php(162): CWebApplication->processRequest()
#5 C:\wamp\www\futuremail\index.php(13): CWebApplication->run()
REQUEST_URI=/futuremail/index.php
in C:\wamp\www\futuremail\protected\controllers\SiteController.php (4)
in C:\wamp\www\futuremail\index.php (13)
2012/02/12 16:45:49 [error] [php] include(Controller.php) [<a href='function.include'>function.include</a>]: failed to open stream: No such file or directory (C:\wamp\www\yiic\framework\YiiBase.php:418)
Stack trace:
#0 C:\wamp\www\futuremail\protected\controllers\SiteController.php(4): spl_autoload_call()
#1 C:\wamp\www\yiic\framework\web\CWebApplication.php(344): require()
#2 C:\wamp\www\yiic\framework\web\CWebApplication.php(270): CWebApplication->createController()
#3 C:\wamp\www\yiic\framework\web\CWebApplication.php(135): CWebApplication->runController()
#4 C:\wamp\www\yiic\framework\base\CApplication.php(162): CWebApplication->processRequest()
#5 C:\wamp\www\futuremail\index.php(13): CWebApplication->run()
REQUEST_URI=/futuremail/index.php
in C:\wamp\www\futuremail\protected\controllers\SiteController.php (4)
in C:\wamp\www\futuremail\index.php (13)
2012/02/12 16:45:50 [error] [php] include(Controller.php) [<a href='function.include'>function.include</a>]: failed to open stream: No such file or directory (C:\wamp\www\yiic\framework\YiiBase.php:418)
Stack trace:
#0 C:\wamp\www\futuremail\protected\controllers\SiteController.php(4): spl_autoload_call()
#1 C:\wamp\www\yiic\framework\web\CWebApplication.php(344): require()
#2 C:\wamp\www\yiic\framework\web\CWebApplication.php(270): CWebApplication->createController()
#3 C:\wamp\www\yiic\framework\web\CWebApplication.php(135): CWebApplication->runController()
#4 C:\wamp\www\yiic\framework\base\CApplication.php(162): CWebApplication->processRequest()
#5 C:\wamp\www\futuremail\index.php(13): CWebApplication->run()
REQUEST_URI=/futuremail/index.php
in C:\wamp\www\futuremail\protected\controllers\SiteController.php (4)
in C:\wamp\www\futuremail\index.php (13)
2012/02/12 16:48:43 [error] [php] include(Controller.php) [<a href='function.include'>function.include</a>]: failed to open stream: No such file or directory (C:\wamp\www\yiic\framework\YiiBase.php:418)
Stack trace:
#0 C:\wamp\www\futuremail\protected\controllers\SiteController.php(4): spl_autoload_call()
#1 C:\wamp\www\yiic\framework\web\CWebApplication.php(344): require()
#2 C:\wamp\www\yiic\framework\web\CWebApplication.php(270): CWebApplication->createController()
#3 C:\wamp\www\yiic\framework\web\CWebApplication.php(135): CWebApplication->runController()
#4 C:\wamp\www\yiic\framework\base\CApplication.php(162): CWebApplication->processRequest()
#5 C:\wamp\www\futuremail\index.php(13): CWebApplication->run()
REQUEST_URI=/futuremail/index.php
in C:\wamp\www\futuremail\protected\controllers\SiteController.php (4)
in C:\wamp\www\futuremail\index.php (13)
2012/02/12 16:49:06 [error] [php] include(Controller.php) [<a href='function.include'>function.include</a>]: failed to open stream: No such file or directory (C:\wamp\www\yiic\framework\YiiBase.php:418)
Stack trace:
#0 C:\wamp\www\futuremail\protected\controllers\SiteController.php(4): spl_autoload_call()
#1 C:\wamp\www\yiic\framework\web\CWebApplication.php(344): require()
#2 C:\wamp\www\yiic\framework\web\CWebApplication.php(270): CWebApplication->createController()
#3 C:\wamp\www\yiic\framework\web\CWebApplication.php(135): CWebApplication->runController()
#4 C:\wamp\www\yiic\framework\base\CApplication.php(162): CWebApplication->processRequest()
#5 C:\wamp\www\futuremail\index.php(13): CWebApplication->run()
REQUEST_URI=/futuremail/index.php
in C:\wamp\www\futuremail\protected\controllers\SiteController.php (4)
in C:\wamp\www\futuremail\index.php (13)
2012/02/12 16:49:09 [error] [php] include(Controller.php) [<a href='function.include'>function.include</a>]: failed to open stream: No such file or directory (C:\wamp\www\yiic\framework\YiiBase.php:418)
Stack trace:
#0 C:\wamp\www\futuremail\protected\controllers\SiteController.php(4): spl_autoload_call()
#1 C:\wamp\www\yiic\framework\web\CWebApplication.php(344): require()
#2 C:\wamp\www\yiic\framework\web\CWebApplication.php(270): CWebApplication->createController()
#3 C:\wamp\www\yiic\framework\web\CWebApplication.php(135): CWebApplication->runController()
#4 C:\wamp\www\yiic\framework\base\CApplication.php(162): CWebApplication->processRequest()
#5 C:\wamp\www\futuremail\index.php(13): CWebApplication->run()
REQUEST_URI=/futuremail/index.php
in C:\wamp\www\futuremail\protected\controllers\SiteController.php (4)
in C:\wamp\www\futuremail\index.php (13)
2012/02/12 16:49:11 [error] [php] include(Controller.php) [<a href='function.include'>function.include</a>]: failed to open stream: No such file or directory (C:\wamp\www\yiic\framework\YiiBase.php:418)
Stack trace:
#0 C:\wamp\www\futuremail\protected\controllers\SiteController.php(4): spl_autoload_call()
#1 C:\wamp\www\yiic\framework\web\CWebApplication.php(344): require()
#2 C:\wamp\www\yiic\framework\web\CWebApplication.php(270): CWebApplication->createController()
#3 C:\wamp\www\yiic\framework\web\CWebApplication.php(135): CWebApplication->runController()
#4 C:\wamp\www\yiic\framework\base\CApplication.php(162): CWebApplication->processRequest()
#5 C:\wamp\www\futuremail\index.php(13): CWebApplication->run()
REQUEST_URI=/futuremail/index.php
in C:\wamp\www\futuremail\protected\controllers\SiteController.php (4)
in C:\wamp\www\futuremail\index.php (13)
2012/02/12 16:50:39 [error] [php] include(Controller.php) [<a href='function.include'>function.include</a>]: failed to open stream: No such file or directory (C:\wamp\www\yiic\framework\YiiBase.php:418)
Stack trace:
#0 C:\wamp\www\futuremail\protected\controllers\SiteController.php(4): spl_autoload_call()
#1 C:\wamp\www\yiic\framework\web\CWebApplication.php(344): require()
#2 C:\wamp\www\yiic\framework\web\CWebApplication.php(270): CWebApplication->createController()
#3 C:\wamp\www\yiic\framework\web\CWebApplication.php(135): CWebApplication->runController()
#4 C:\wamp\www\yiic\framework\base\CApplication.php(162): CWebApplication->processRequest()
#5 C:\wamp\www\futuremail\index.php(13): CWebApplication->run()
REQUEST_URI=/futuremail/index.php
in C:\wamp\www\futuremail\protected\controllers\SiteController.php (4)
in C:\wamp\www\futuremail\index.php (13)
2012/02/12 16:59:07 [error] [php] include(Controller.php) [<a href='function.include'>function.include</a>]: failed to open stream: No such file or directory (C:\wamp\www\yiic\framework\YiiBase.php:418)
Stack trace:
#0 C:\wamp\www\futuremail\protected\controllers\SiteController.php(4): spl_autoload_call()
#1 C:\wamp\www\yiic\framework\web\CWebApplication.php(344): require()
#2 C:\wamp\www\yiic\framework\web\CWebApplication.php(270): CWebApplication->createController()
#3 C:\wamp\www\yiic\framework\web\CWebApplication.php(135): CWebApplication->runController()
#4 C:\wamp\www\yiic\framework\base\CApplication.php(162): CWebApplication->processRequest()
#5 C:\wamp\www\futuremail\index.php(13): CWebApplication->run()
REQUEST_URI=/futuremail/index.php
in C:\wamp\www\futuremail\protected\controllers\SiteController.php (4)
in C:\wamp\www\futuremail\index.php (13)
2012/02/12 16:59:08 [error] [php] include(Controller.php) [<a href='function.include'>function.include</a>]: failed to open stream: No such file or directory (C:\wamp\www\yiic\framework\YiiBase.php:418)
Stack trace:
#0 C:\wamp\www\futuremail\protected\controllers\SiteController.php(4): spl_autoload_call()
#1 C:\wamp\www\yiic\framework\web\CWebApplication.php(344): require()
#2 C:\wamp\www\yiic\framework\web\CWebApplication.php(270): CWebApplication->createController()
#3 C:\wamp\www\yiic\framework\web\CWebApplication.php(135): CWebApplication->runController()
#4 C:\wamp\www\yiic\framework\base\CApplication.php(162): CWebApplication->processRequest()
#5 C:\wamp\www\futuremail\index.php(13): CWebApplication->run()
REQUEST_URI=/futuremail/index.php
in C:\wamp\www\futuremail\protected\controllers\SiteController.php (4)
in C:\wamp\www\futuremail\index.php (13)
2012/02/12 16:59:28 [error] [php] include(Controller.php) [<a href='function.include'>function.include</a>]: failed to open stream: No such file or directory (C:\wamp\www\yiic\framework\YiiBase.php:418)
Stack trace:
#0 C:\wamp\www\futuremail\protected\controllers\SiteController.php(4): spl_autoload_call()
#1 C:\wamp\www\yiic\framework\web\CWebApplication.php(344): require()
#2 C:\wamp\www\yiic\framework\web\CWebApplication.php(270): CWebApplication->createController()
#3 C:\wamp\www\yiic\framework\web\CWebApplication.php(135): CWebApplication->runController()
#4 C:\wamp\www\yiic\framework\base\CApplication.php(162): CWebApplication->processRequest()
#5 C:\wamp\www\futuremail\index.php(13): CWebApplication->run()
REQUEST_URI=/futuremail/index.php
in C:\wamp\www\futuremail\protected\controllers\SiteController.php (4)
in C:\wamp\www\futuremail\index.php (13)
2012/02/12 17:02:00 [error] [php] include(Controller.php) [<a href='function.include'>function.include</a>]: failed to open stream: No such file or directory (C:\wamp\www\yiic\framework\YiiBase.php:418)
Stack trace:
#0 C:\wamp\www\futuremail\protected\controllers\SiteController.php(4): spl_autoload_call()
#1 C:\wamp\www\yiic\framework\web\CWebApplication.php(344): require()
#2 C:\wamp\www\yiic\framework\web\CWebApplication.php(270): CWebApplication->createController()
#3 C:\wamp\www\yiic\framework\web\CWebApplication.php(135): CWebApplication->runController()
#4 C:\wamp\www\yiic\framework\base\CApplication.php(162): CWebApplication->processRequest()
#5 C:\wamp\www\futuremail\index.php(13): CWebApplication->run()
REQUEST_URI=/futuremail/index.php?XDEBUG_SESSION_START=ECLIPSE_DBGP&KEY=132906612034311
in C:\wamp\www\futuremail\protected\controllers\SiteController.php (4)
in C:\wamp\www\futuremail\index.php (13)
2012/02/12 17:02:49 [error] [php] include(Controller.php) [<a href='function.include'>function.include</a>]: failed to open stream: No such file or directory (C:\wamp\www\yiic\framework\YiiBase.php:418)
Stack trace:
#0 C:\wamp\www\futuremail\protected\controllers\SiteController.php(4): spl_autoload_call()
#1 C:\wamp\www\yiic\framework\web\CWebApplication.php(344): require()
#2 C:\wamp\www\yiic\framework\web\CWebApplication.php(270): CWebApplication->createController()
#3 C:\wamp\www\yiic\framework\web\CWebApplication.php(135): CWebApplication->runController()
#4 C:\wamp\www\yiic\framework\base\CApplication.php(162): CWebApplication->processRequest()
#5 C:\wamp\www\futuremail\index.php(13): CWebApplication->run()
REQUEST_URI=/futuremail/index.php?XDEBUG_SESSION_START=ECLIPSE_DBGP&KEY=132906614393712
in C:\wamp\www\futuremail\protected\controllers\SiteController.php (4)
in C:\wamp\www\futuremail\index.php (13)
2012/02/12 17:04:12 [error] [php] include(Controller.php) [<a href='function.include'>function.include</a>]: failed to open stream: No such file or directory (C:\wamp\www\yiic\framework\YiiBase.php:418)
Stack trace:
#0 C:\wamp\www\futuremail\protected\controllers\SiteController.php(4): spl_autoload_call()
#1 C:\wamp\www\yiic\framework\web\CWebApplication.php(344): require()
#2 C:\wamp\www\yiic\framework\web\CWebApplication.php(270): CWebApplication->createController()
#3 C:\wamp\www\yiic\framework\web\CWebApplication.php(135): CWebApplication->runController()
#4 C:\wamp\www\yiic\framework\base\CApplication.php(162): CWebApplication->processRequest()
#5 C:\wamp\www\futuremail\index.php(13): CWebApplication->run()
REQUEST_URI=/futuremail/index.php?XDEBUG_SESSION_START=ECLIPSE_DBGP&KEY=132906625201513
in C:\wamp\www\futuremail\protected\controllers\SiteController.php (4)
in C:\wamp\www\futuremail\index.php (13)
2012/02/12 17:04:43 [error] [php] include(Controller.php) [<a href='function.include'>function.include</a>]: failed to open stream: No such file or directory (C:\wamp\www\yiic\framework\YiiBase.php:418)
Stack trace:
#0 C:\wamp\www\futuremail\protected\controllers\SiteController.php(4): spl_autoload_call()
#1 C:\wamp\www\yiic\framework\web\CWebApplication.php(344): require()
#2 C:\wamp\www\yiic\framework\web\CWebApplication.php(270): CWebApplication->createController()
#3 C:\wamp\www\yiic\framework\web\CWebApplication.php(135): CWebApplication->runController()
#4 C:\wamp\www\yiic\framework\base\CApplication.php(162): CWebApplication->processRequest()
#5 C:\wamp\www\futuremail\index.php(13): CWebApplication->run()
REQUEST_URI=/futuremail/index.php?XDEBUG_SESSION_START=ECLIPSE_DBGP&KEY=132906628323414
in C:\wamp\www\futuremail\protected\controllers\SiteController.php (4)
in C:\wamp\www\futuremail\index.php (13)
2012/02/12 17:04:55 [error] [php] include(Controller.php) [<a href='function.include'>function.include</a>]: failed to open stream: No such file or directory (C:\wamp\www\yiic\framework\YiiBase.php:418)
Stack trace:
#0 C:\wamp\www\futuremail\protected\controllers\SiteController.php(4): spl_autoload_call()
#1 C:\wamp\www\yiic\framework\web\CWebApplication.php(344): require()
#2 C:\wamp\www\yiic\framework\web\CWebApplication.php(270): CWebApplication->createController()
#3 C:\wamp\www\yiic\framework\web\CWebApplication.php(135): CWebApplication->runController()
#4 C:\wamp\www\yiic\framework\base\CApplication.php(162): CWebApplication->processRequest()
#5 C:\wamp\www\futuremail\index.php(13): CWebApplication->run()
REQUEST_URI=/futuremail/index.php?XDEBUG_SESSION_START=ECLIPSE_DBGP&KEY=132906628323414
in C:\wamp\www\futuremail\protected\controllers\SiteController.php (4)
in C:\wamp\www\futuremail\index.php (13)
2012/02/12 17:05:47 [error] [php] include(Controller.php) [<a href='function.include'>function.include</a>]: failed to open stream: No such file or directory (C:\wamp\www\yiic\framework\YiiBase.php:418)
Stack trace:
#0 C:\wamp\www\futuremail\protected\controllers\SiteController.php(4): spl_autoload_call()
#1 C:\wamp\www\yiic\framework\web\CWebApplication.php(344): require()
#2 C:\wamp\www\yiic\framework\web\CWebApplication.php(270): CWebApplication->createController()
#3 C:\wamp\www\yiic\framework\web\CWebApplication.php(135): CWebApplication->runController()
#4 C:\wamp\www\yiic\framework\base\CApplication.php(162): CWebApplication->processRequest()
#5 C:\wamp\www\futuremail\index.php(13): CWebApplication->run()
REQUEST_URI=/futuremail/index.php?XDEBUG_SESSION_START=ECLIPSE_DBGP&KEY=132906631199915
in C:\wamp\www\futuremail\protected\controllers\SiteController.php (4)
in C:\wamp\www\futuremail\index.php (13)
2012/02/12 17:06:40 [error] [php] include(Controller.php) [<a href='function.include'>function.include</a>]: failed to open stream: No such file or directory (C:\wamp\www\yiic\framework\YiiBase.php:418)
Stack trace:
#0 C:\wamp\www\futuremail\protected\controllers\SiteController.php(4): spl_autoload_call()
#1 C:\wamp\www\yiic\framework\web\CWebApplication.php(344): require()
#2 C:\wamp\www\yiic\framework\web\CWebApplication.php(270): CWebApplication->createController()
#3 C:\wamp\www\yiic\framework\web\CWebApplication.php(135): CWebApplication->runController()
#4 C:\wamp\www\yiic\framework\base\CApplication.php(162): CWebApplication->processRequest()
#5 C:\wamp\www\futuremail\index.php(13): CWebApplication->run()
REQUEST_URI=/futuremail/index.php?XDEBUG_SESSION_START=ECLIPSE_DBGP&KEY=132906640034316
in C:\wamp\www\futuremail\protected\controllers\SiteController.php (4)
in C:\wamp\www\futuremail\index.php (13)
2012/02/12 17:07:24 [error] [php] include(Controller.php) [<a href='function.include'>function.include</a>]: failed to open stream: No such file or directory (C:\wamp\www\yiic\framework\YiiBase.php:418)
Stack trace:
#0 C:\wamp\www\futuremail\protected\controllers\SiteController.php(4): spl_autoload_call()
#1 C:\wamp\www\yiic\framework\web\CWebApplication.php(344): require()
#2 C:\wamp\www\yiic\framework\web\CWebApplication.php(270): CWebApplication->createController()
#3 C:\wamp\www\yiic\framework\web\CWebApplication.php(135): CWebApplication->runController()
#4 C:\wamp\www\yiic\framework\base\CApplication.php(162): CWebApplication->processRequest()
#5 C:\wamp\www\futuremail\index.php(13): CWebApplication->run()
REQUEST_URI=/futuremail/index.php?XDEBUG_SESSION_START=ECLIPSE_DBGP&KEY=132906640639017
in C:\wamp\www\futuremail\protected\controllers\SiteController.php (4)
in C:\wamp\www\futuremail\index.php (13)
2012/02/12 17:09:21 [error] [php] include(Controller.php) [<a href='function.include'>function.include</a>]: failed to open stream: No such file or directory (C:\wamp\www\yiic\framework\YiiBase.php:418)
Stack trace:
#0 C:\wamp\www\futuremail\protected\controllers\SiteController.php(4): spl_autoload_call()
#1 C:\wamp\www\yiic\framework\web\CWebApplication.php(344): require()
#2 C:\wamp\www\yiic\framework\web\CWebApplication.php(270): CWebApplication->createController()
#3 C:\wamp\www\yiic\framework\web\CWebApplication.php(135): CWebApplication->runController()
#4 C:\wamp\www\yiic\framework\base\CApplication.php(162): CWebApplication->processRequest()
#5 C:\wamp\www\futuremail\index.php(13): CWebApplication->run()
REQUEST_URI=/futuremail/index.php?XDEBUG_SESSION_START=ECLIPSE_DBGP&KEY=132906655767119
in C:\wamp\www\futuremail\protected\controllers\SiteController.php (4)
in C:\wamp\www\futuremail\index.php (13)
2012/02/12 17:09:45 [error] [php] include(Controller.php) [<a href='function.include'>function.include</a>]: failed to open stream: No such file or directory (C:\wamp\www\yiic\framework\YiiBase.php:418)
Stack trace:
#0 C:\wamp\www\futuremail\protected\controllers\SiteController.php(4): spl_autoload_call()
#1 C:\wamp\www\yiic\framework\web\CWebApplication.php(344): require()
#2 C:\wamp\www\yiic\framework\web\CWebApplication.php(270): CWebApplication->createController()
#3 C:\wamp\www\yiic\framework\web\CWebApplication.php(135): CWebApplication->runController()
#4 C:\wamp\www\yiic\framework\base\CApplication.php(162): CWebApplication->processRequest()
#5 C:\wamp\www\futuremail\index.php(13): CWebApplication->run()
REQUEST_URI=/futuremail/index.php
in C:\wamp\www\futuremail\protected\controllers\SiteController.php (4)
in C:\wamp\www\futuremail\index.php (13)
2012/02/12 17:13:10 [error] [php] include(Controller.php) [<a href='function.include'>function.include</a>]: failed to open stream: No such file or directory (C:\wamp\www\yiic\framework\YiiBase.php:419)
Stack trace:
#0 C:\wamp\www\futuremail\protected\controllers\SiteController.php(4): spl_autoload_call()
#1 C:\wamp\www\yiic\framework\web\CWebApplication.php(344): require()
#2 C:\wamp\www\yiic\framework\web\CWebApplication.php(270): CWebApplication->createController()
#3 C:\wamp\www\yiic\framework\web\CWebApplication.php(135): CWebApplication->runController()
#4 C:\wamp\www\yiic\framework\base\CApplication.php(162): CWebApplication->processRequest()
#5 C:\wamp\www\futuremail\index.php(13): CWebApplication->run()
REQUEST_URI=/futuremail/index.php
in C:\wamp\www\futuremail\protected\controllers\SiteController.php (4)
in C:\wamp\www\futuremail\index.php (13)
2012/02/12 17:15:08 [error] [php] include(Controller.php) [<a href='function.include'>function.include</a>]: failed to open stream: No such file or directory (C:\wamp\www\yiic\framework\YiiBase.php:418)
Stack trace:
#0 C:\wamp\www\futuremail\protected\controllers\SiteController.php(4): spl_autoload_call()
#1 C:\wamp\www\yiic\framework\web\CWebApplication.php(344): require()
#2 C:\wamp\www\yiic\framework\web\CWebApplication.php(270): CWebApplication->createController()
#3 C:\wamp\www\yiic\framework\web\CWebApplication.php(135): CWebApplication->runController()
#4 C:\wamp\www\yiic\framework\base\CApplication.php(162): CWebApplication->processRequest()
#5 C:\wamp\www\futuremail\index.php(13): CWebApplication->run()
REQUEST_URI=/futuremail/index.php
in C:\wamp\www\futuremail\protected\controllers\SiteController.php (4)
in C:\wamp\www\futuremail\index.php (13)
2012/02/12 17:15:21 [error] [php] include(Controller.php) [<a href='function.include'>function.include</a>]: failed to open stream: No such file or directory (C:\wamp\www\yiic\framework\YiiBase.php:418)
Stack trace:
#0 C:\wamp\www\futuremail\protected\controllers\SiteController.php(4): spl_autoload_call()
#1 C:\wamp\www\yiic\framework\web\CWebApplication.php(344): require()
#2 C:\wamp\www\yiic\framework\web\CWebApplication.php(270): CWebApplication->createController()
#3 C:\wamp\www\yiic\framework\web\CWebApplication.php(135): CWebApplication->runController()
#4 C:\wamp\www\yiic\framework\base\CApplication.php(162): CWebApplication->processRequest()
#5 C:\wamp\www\futuremail\index.php(13): CWebApplication->run()
REQUEST_URI=/futuremail/index.php
in C:\wamp\www\futuremail\protected\controllers\SiteController.php (4)
in C:\wamp\www\futuremail\index.php (13)
2012/02/12 17:25:46 [error] [exception.CDbException] exception 'CDbException' with message 'CDbConnection falhou ao abrir uma conecção com o banco de dados: SQLSTATE[28000] [1045] Access denied for user 'futuremail'@'localhost' (using password: YES)' in C:\wamp\www\yiic\framework\db\CDbConnection.php:382
Stack trace:
#0 C:\wamp\www\yiic\framework\db\CDbConnection.php(331): CDbConnection->open()
#1 C:\wamp\www\yiic\framework\db\CDbConnection.php(309): CDbConnection->setActive(true)
#2 C:\wamp\www\yiic\framework\base\CModule.php(388): CDbConnection->init()
#3 C:\wamp\www\yiic\framework\i18n\CDbMessageSource.php(106): CModule->getComponent('db')
#4 C:\wamp\www\yiic\framework\i18n\CDbMessageSource.php(129): CDbMessageSource->getDbConnection()
#5 C:\wamp\www\yiic\framework\i18n\CDbMessageSource.php(87): CDbMessageSource->loadMessagesFromDb('app', 'pt')
#6 C:\wamp\www\yiic\framework\i18n\CMessageSource.php(104): CDbMessageSource->loadMessages('app', 'pt')
#7 C:\wamp\www\yiic\framework\i18n\CMessageSource.php(86): CMessageSource->translateMessage('app', 'Create now a fr...', 'pt')
#8 C:\wamp\www\yiic\framework\YiiBase.php(576): CMessageSource->translate('app', 'Create now a fr...', NULL)
#9 C:\wamp\www\futuremail\themes\manuscript\views\layouts\main.php(51): YiiBase::t('app', 'Create now a fr...')
#10 C:\wamp\www\yiic\framework\web\CBaseController.php(127): require('C:\wamp\www\fut...')
#11 C:\wamp\www\yiic\framework\web\CBaseController.php(96): CBaseController->renderInternal('C:\wamp\www\fut...', Array, true)
#12 C:\wamp\www\yiic\framework\web\widgets\CContentDecorator.php(77): CBaseController->renderFile('C:\wamp\www\fut...', Array, true)
#13 C:\wamp\www\yiic\framework\web\widgets\CContentDecorator.php(55): CContentDecorator->decorate('<div id="conten...')
#14 C:\wamp\www\yiic\framework\web\widgets\COutputProcessor.php(45): CContentDecorator->processOutput('<div id="conten...')
#15 C:\wamp\www\yiic\framework\web\CBaseController.php(207): COutputProcessor->run()
#16 C:\wamp\www\yiic\framework\web\CBaseController.php(301): CBaseController->endWidget('CContentDecorat...')
#17 C:\wamp\www\futuremail\protected\views\layouts\column1.php(5): CBaseController->endContent()
#18 C:\wamp\www\yiic\framework\web\CBaseController.php(127): require('C:\wamp\www\fut...')
#19 C:\wamp\www\yiic\framework\web\CBaseController.php(96): CBaseController->renderInternal('C:\wamp\www\fut...', Array, true)
#20 C:\wamp\www\yiic\framework\web\CController.php(785): CBaseController->renderFile('C:\wamp\www\fut...', Array, true)
#21 C:\wamp\www\futuremail\protected\controllers\SiteController.php(32): CController->render('index')
#22 C:\wamp\www\yiic\framework\web\actions\CInlineAction.php(50): SiteController->actionIndex()
#23 C:\wamp\www\yiic\framework\web\CController.php(309): CInlineAction->runWithParams(Array)
#24 C:\wamp\www\yiic\framework\web\CController.php(287): CController->runAction(Object(CInlineAction))
#25 C:\wamp\www\yiic\framework\web\CController.php(266): CController->runActionWithFilters(Object(CInlineAction), Array)
#26 C:\wamp\www\yiic\framework\web\CWebApplication.php(276): CController->run('')
#27 C:\wamp\www\yiic\framework\web\CWebApplication.php(135): CWebApplication->runController('')
#28 C:\wamp\www\yiic\framework\base\CApplication.php(162): CWebApplication->processRequest()
#29 C:\wamp\www\futuremail\index.php(13): CApplication->run()
#30 {main}
REQUEST_URI=/futuremail/index.php
---
2012/02/12 17:40:17 [error] [exception.CDbException] exception 'CDbException' with message 'CDbConnection falhou ao abrir uma conecção com o banco de dados: SQLSTATE[28000] [1045] Access denied for user 'futuremail'@'localhost' (using password: YES)' in C:\wamp\www\yiic\framework\db\CDbConnection.php:382
Stack trace:
#0 C:\wamp\www\yiic\framework\db\CDbConnection.php(331): CDbConnection->open()
#1 C:\wamp\www\yiic\framework\db\CDbConnection.php(309): CDbConnection->setActive(true)
#2 C:\wamp\www\yiic\framework\base\CModule.php(388): CDbConnection->init()
#3 C:\wamp\www\yiic\framework\i18n\CDbMessageSource.php(106): CModule->getComponent('db')
#4 C:\wamp\www\yiic\framework\i18n\CDbMessageSource.php(129): CDbMessageSource->getDbConnection()
#5 C:\wamp\www\yiic\framework\i18n\CDbMessageSource.php(87): CDbMessageSource->loadMessagesFromDb('app', 'pt')
#6 C:\wamp\www\yiic\framework\i18n\CMessageSource.php(104): CDbMessageSource->loadMessages('app', 'pt')
#7 C:\wamp\www\yiic\framework\i18n\CMessageSource.php(86): CMessageSource->translateMessage('app', 'Create now a fr...', 'pt')
#8 C:\wamp\www\yiic\framework\YiiBase.php(576): CMessageSource->translate('app', 'Create now a fr...', NULL)
#9 C:\wamp\www\futuremail\themes\manuscript\views\layouts\main.php(53): YiiBase::t('app', 'Create now a fr...')
#10 C:\wamp\www\yiic\framework\web\CBaseController.php(127): require('C:\wamp\www\fut...')
#11 C:\wamp\www\yiic\framework\web\CBaseController.php(96): CBaseController->renderInternal('C:\wamp\www\fut...', Array, true)
#12 C:\wamp\www\yiic\framework\web\widgets\CContentDecorator.php(77): CBaseController->renderFile('C:\wamp\www\fut...', Array, true)
#13 C:\wamp\www\yiic\framework\web\widgets\CContentDecorator.php(55): CContentDecorator->decorate('<div id="conten...')
#14 C:\wamp\www\yiic\framework\web\widgets\COutputProcessor.php(45): CContentDecorator->processOutput('<div id="conten...')
#15 C:\wamp\www\yiic\framework\web\CBaseController.php(207): COutputProcessor->run()
#16 C:\wamp\www\yiic\framework\web\CBaseController.php(301): CBaseController->endWidget('CContentDecorat...')
#17 C:\wamp\www\futuremail\protected\views\layouts\column1.php(5): CBaseController->endContent()
#18 C:\wamp\www\yiic\framework\web\CBaseController.php(127): require('C:\wamp\www\fut...')
#19 C:\wamp\www\yiic\framework\web\CBaseController.php(96): CBaseController->renderInternal('C:\wamp\www\fut...', Array, true)
#20 C:\wamp\www\yiic\framework\web\CController.php(785): CBaseController->renderFile('C:\wamp\www\fut...', Array, true)
#21 C:\wamp\www\futuremail\protected\controllers\SiteController.php(32): CController->render('index')
#22 C:\wamp\www\yiic\framework\web\actions\CInlineAction.php(50): SiteController->actionIndex()
#23 C:\wamp\www\yiic\framework\web\CController.php(309): CInlineAction->runWithParams(Array)
#24 C:\wamp\www\yiic\framework\web\CController.php(287): CController->runAction(Object(CInlineAction))
#25 C:\wamp\www\yiic\framework\web\CController.php(266): CController->runActionWithFilters(Object(CInlineAction), Array)
#26 C:\wamp\www\yiic\framework\web\CWebApplication.php(276): CController->run('')
#27 C:\wamp\www\yiic\framework\web\CWebApplication.php(135): CWebApplication->runController('')
#28 C:\wamp\www\yiic\framework\base\CApplication.php(162): CWebApplication->processRequest()
#29 C:\wamp\www\futuremail\index.php(13): CApplication->run()
#30 {main}
REQUEST_URI=/futuremail/index.php
---
2012/02/12 17:41:15 [error] [exception.CDbException] exception 'CDbException' with message 'CDbConnection falhou ao abrir uma conecção com o banco de dados: SQLSTATE[28000] [1045] Access denied for user 'futuremail'@'localhost' (using password: YES)' in C:\wamp\www\yiic\framework\db\CDbConnection.php:382
Stack trace:
#0 C:\wamp\www\yiic\framework\db\CDbConnection.php(331): CDbConnection->open()
#1 C:\wamp\www\yiic\framework\db\CDbConnection.php(309): CDbConnection->setActive(true)
#2 C:\wamp\www\yiic\framework\base\CModule.php(388): CDbConnection->init()
#3 C:\wamp\www\yiic\framework\i18n\CDbMessageSource.php(106): CModule->getComponent('db')
#4 C:\wamp\www\yiic\framework\i18n\CDbMessageSource.php(129): CDbMessageSource->getDbConnection()
#5 C:\wamp\www\yiic\framework\i18n\CDbMessageSource.php(87): CDbMessageSource->loadMessagesFromDb('app', 'pt')
#6 C:\wamp\www\yiic\framework\i18n\CMessageSource.php(104): CDbMessageSource->loadMessages('app', 'pt')
#7 C:\wamp\www\yiic\framework\i18n\CMessageSource.php(86): CMessageSource->translateMessage('app', 'Create now a fr...', 'pt')
#8 C:\wamp\www\yiic\framework\YiiBase.php(576): CMessageSource->translate('app', 'Create now a fr...', NULL)
#9 C:\wamp\www\futuremail\themes\manuscript\views\layouts\main.php(53): YiiBase::t('app', 'Create now a fr...')
#10 C:\wamp\www\yiic\framework\web\CBaseController.php(127): require('C:\wamp\www\fut...')
#11 C:\wamp\www\yiic\framework\web\CBaseController.php(96): CBaseController->renderInternal('C:\wamp\www\fut...', Array, true)
#12 C:\wamp\www\yiic\framework\web\widgets\CContentDecorator.php(77): CBaseController->renderFile('C:\wamp\www\fut...', Array, true)
#13 C:\wamp\www\yiic\framework\web\widgets\CContentDecorator.php(55): CContentDecorator->decorate('<div id="conten...')
#14 C:\wamp\www\yiic\framework\web\widgets\COutputProcessor.php(45): CContentDecorator->processOutput('<div id="conten...')
#15 C:\wamp\www\yiic\framework\web\CBaseController.php(207): COutputProcessor->run()
#16 C:\wamp\www\yiic\framework\web\CBaseController.php(301): CBaseController->endWidget('CContentDecorat...')
#17 C:\wamp\www\futuremail\protected\views\layouts\column1.php(5): CBaseController->endContent()
#18 C:\wamp\www\yiic\framework\web\CBaseController.php(127): require('C:\wamp\www\fut...')
#19 C:\wamp\www\yiic\framework\web\CBaseController.php(96): CBaseController->renderInternal('C:\wamp\www\fut...', Array, true)
#20 C:\wamp\www\yiic\framework\web\CController.php(785): CBaseController->renderFile('C:\wamp\www\fut...', Array, true)
#21 C:\wamp\www\futuremail\protected\controllers\SiteController.php(32): CController->render('index')
#22 C:\wamp\www\yiic\framework\web\actions\CInlineAction.php(50): SiteController->actionIndex()
#23 C:\wamp\www\yiic\framework\web\CController.php(309): CInlineAction->runWithParams(Array)
#24 C:\wamp\www\yiic\framework\web\CController.php(287): CController->runAction(Object(CInlineAction))
#25 C:\wamp\www\yiic\framework\web\CController.php(266): CController->runActionWithFilters(Object(CInlineAction), Array)
#26 C:\wamp\www\yiic\framework\web\CWebApplication.php(276): CController->run('')
#27 C:\wamp\www\yiic\framework\web\CWebApplication.php(135): CWebApplication->runController('')
#28 C:\wamp\www\yiic\framework\base\CApplication.php(162): CWebApplication->processRequest()
#29 C:\wamp\www\futuremail\index.php(13): CApplication->run()
#30 {main}
REQUEST_URI=/futuremail/index.php
---
2012/02/12 18:03:33 [error] [exception.CDbException] exception 'CDbException' with message 'CDbConnection falhou ao abrir uma conecção com o banco de dados: SQLSTATE[28000] [1045] Access denied for user 'futuremail'@'localhost' (using password: YES)' in C:\wamp\www\yiic\framework\db\CDbConnection.php:382
Stack trace:
#0 C:\wamp\www\yiic\framework\db\CDbConnection.php(331): CDbConnection->open()
#1 C:\wamp\www\yiic\framework\db\CDbConnection.php(309): CDbConnection->setActive(true)
#2 C:\wamp\www\yiic\framework\base\CModule.php(388): CDbConnection->init()
#3 C:\wamp\www\yiic\framework\i18n\CDbMessageSource.php(106): CModule->getComponent('db')
#4 C:\wamp\www\yiic\framework\i18n\CDbMessageSource.php(129): CDbMessageSource->getDbConnection()
#5 C:\wamp\www\yiic\framework\i18n\CDbMessageSource.php(87): CDbMessageSource->loadMessagesFromDb('app', 'pt')
#6 C:\wamp\www\yiic\framework\i18n\CMessageSource.php(104): CDbMessageSource->loadMessages('app', 'pt')
#7 C:\wamp\www\yiic\framework\i18n\CMessageSource.php(86): CMessageSource->translateMessage('app', 'Create now a fr...', 'pt')
#8 C:\wamp\www\yiic\framework\YiiBase.php(576): CMessageSource->translate('app', 'Create now a fr...', NULL)
#9 C:\wamp\www\futuremail\themes\manuscript\views\layouts\main.php(53): YiiBase::t('app', 'Create now a fr...')
#10 C:\wamp\www\yiic\framework\web\CBaseController.php(127): require('C:\wamp\www\fut...')
#11 C:\wamp\www\yiic\framework\web\CBaseController.php(96): CBaseController->renderInternal('C:\wamp\www\fut...', Array, true)
#12 C:\wamp\www\yiic\framework\web\widgets\CContentDecorator.php(77): CBaseController->renderFile('C:\wamp\www\fut...', Array, true)
#13 C:\wamp\www\yiic\framework\web\widgets\CContentDecorator.php(55): CContentDecorator->decorate('<div id="conten...')
#14 C:\wamp\www\yiic\framework\web\widgets\COutputProcessor.php(45): CContentDecorator->processOutput('<div id="conten...')
#15 C:\wamp\www\yiic\framework\web\CBaseController.php(207): COutputProcessor->run()
#16 C:\wamp\www\yiic\framework\web\CBaseController.php(301): CBaseController->endWidget('CContentDecorat...')
#17 C:\wamp\www\futuremail\protected\views\layouts\column1.php(5): CBaseController->endContent()
#18 C:\wamp\www\yiic\framework\web\CBaseController.php(127): require('C:\wamp\www\fut...')
#19 C:\wamp\www\yiic\framework\web\CBaseController.php(96): CBaseController->renderInternal('C:\wamp\www\fut...', Array, true)
#20 C:\wamp\www\yiic\framework\web\CController.php(785): CBaseController->renderFile('C:\wamp\www\fut...', Array, true)
#21 C:\wamp\www\futuremail\protected\controllers\SiteController.php(32): CController->render('index')
#22 C:\wamp\www\yiic\framework\web\actions\CInlineAction.php(50): SiteController->actionIndex()
#23 C:\wamp\www\yiic\framework\web\CController.php(309): CInlineAction->runWithParams(Array)
#24 C:\wamp\www\yiic\framework\web\CController.php(287): CController->runAction(Object(CInlineAction))
#25 C:\wamp\www\yiic\framework\web\CController.php(266): CController->runActionWithFilters(Object(CInlineAction), Array)
#26 C:\wamp\www\yiic\framework\web\CWebApplication.php(276): CController->run('')
#27 C:\wamp\www\yiic\framework\web\CWebApplication.php(135): CWebApplication->runController('')
#28 C:\wamp\www\yiic\framework\base\CApplication.php(162): CWebApplication->processRequest()
#29 C:\wamp\www\futuremail\index.php(13): CApplication->run()
#30 {main}
REQUEST_URI=/futuremail/index.php
---
2012/02/12 18:03:35 [error] [exception.CDbException] exception 'CDbException' with message 'CDbConnection falhou ao abrir uma conecção com o banco de dados: SQLSTATE[28000] [1045] Access denied for user 'futuremail'@'localhost' (using password: YES)' in C:\wamp\www\yiic\framework\db\CDbConnection.php:382
Stack trace:
#0 C:\wamp\www\yiic\framework\db\CDbConnection.php(331): CDbConnection->open()
#1 C:\wamp\www\yiic\framework\db\CDbConnection.php(309): CDbConnection->setActive(true)
#2 C:\wamp\www\yiic\framework\base\CModule.php(388): CDbConnection->init()
#3 C:\wamp\www\yiic\framework\i18n\CDbMessageSource.php(106): CModule->getComponent('db')
#4 C:\wamp\www\yiic\framework\i18n\CDbMessageSource.php(129): CDbMessageSource->getDbConnection()
#5 C:\wamp\www\yiic\framework\i18n\CDbMessageSource.php(87): CDbMessageSource->loadMessagesFromDb('app', 'pt')
#6 C:\wamp\www\yiic\framework\i18n\CMessageSource.php(104): CDbMessageSource->loadMessages('app', 'pt')
#7 C:\wamp\www\yiic\framework\i18n\CMessageSource.php(86): CMessageSource->translateMessage('app', 'Create now a fr...', 'pt')
#8 C:\wamp\www\yiic\framework\YiiBase.php(576): CMessageSource->translate('app', 'Create now a fr...', NULL)
#9 C:\wamp\www\futuremail\themes\manuscript\views\layouts\main.php(53): YiiBase::t('app', 'Create now a fr...')
#10 C:\wamp\www\yiic\framework\web\CBaseController.php(127): require('C:\wamp\www\fut...')
#11 C:\wamp\www\yiic\framework\web\CBaseController.php(96): CBaseController->renderInternal('C:\wamp\www\fut...', Array, true)
#12 C:\wamp\www\yiic\framework\web\widgets\CContentDecorator.php(77): CBaseController->renderFile('C:\wamp\www\fut...', Array, true)
#13 C:\wamp\www\yiic\framework\web\widgets\CContentDecorator.php(55): CContentDecorator->decorate('<div id="conten...')
#14 C:\wamp\www\yiic\framework\web\widgets\COutputProcessor.php(45): CContentDecorator->processOutput('<div id="conten...')
#15 C:\wamp\www\yiic\framework\web\CBaseController.php(207): COutputProcessor->run()
#16 C:\wamp\www\yiic\framework\web\CBaseController.php(301): CBaseController->endWidget('CContentDecorat...')
#17 C:\wamp\www\futuremail\protected\views\layouts\column1.php(5): CBaseController->endContent()
#18 C:\wamp\www\yiic\framework\web\CBaseController.php(127): require('C:\wamp\www\fut...')
#19 C:\wamp\www\yiic\framework\web\CBaseController.php(96): CBaseController->renderInternal('C:\wamp\www\fut...', Array, true)
#20 C:\wamp\www\yiic\framework\web\CController.php(785): CBaseController->renderFile('C:\wamp\www\fut...', Array, true)
#21 C:\wamp\www\futuremail\protected\controllers\SiteController.php(32): CController->render('index')
#22 C:\wamp\www\yiic\framework\web\actions\CInlineAction.php(50): SiteController->actionIndex()
#23 C:\wamp\www\yiic\framework\web\CController.php(309): CInlineAction->runWithParams(Array)
#24 C:\wamp\www\yiic\framework\web\CController.php(287): CController->runAction(Object(CInlineAction))
#25 C:\wamp\www\yiic\framework\web\CController.php(266): CController->runActionWithFilters(Object(CInlineAction), Array)
#26 C:\wamp\www\yiic\framework\web\CWebApplication.php(276): CController->run('')
#27 C:\wamp\www\yiic\framework\web\CWebApplication.php(135): CWebApplication->runController('')
#28 C:\wamp\www\yiic\framework\base\CApplication.php(162): CWebApplication->processRequest()
#29 C:\wamp\www\futuremail\index.php(13): CApplication->run()
#30 {main}
REQUEST_URI=/futuremail/index.php
---
2012/02/12 18:03:47 [error] [exception.CDbException] exception 'CDbException' with message 'CDbConnection falhou ao abrir uma conecção com o banco de dados: SQLSTATE[28000] [1045] Access denied for user 'futuremail'@'localhost' (using password: YES)' in C:\wamp\www\yiic\framework\db\CDbConnection.php:382
Stack trace:
#0 C:\wamp\www\yiic\framework\db\CDbConnection.php(331): CDbConnection->open()
#1 C:\wamp\www\yiic\framework\db\CDbConnection.php(309): CDbConnection->setActive(true)
#2 C:\wamp\www\yiic\framework\base\CModule.php(388): CDbConnection->init()
#3 C:\wamp\www\yiic\framework\i18n\CDbMessageSource.php(106): CModule->getComponent('db')
#4 C:\wamp\www\yiic\framework\i18n\CDbMessageSource.php(129): CDbMessageSource->getDbConnection()
#5 C:\wamp\www\yiic\framework\i18n\CDbMessageSource.php(87): CDbMessageSource->loadMessagesFromDb('app', 'pt')
#6 C:\wamp\www\yiic\framework\i18n\CMessageSource.php(104): CDbMessageSource->loadMessages('app', 'pt')
#7 C:\wamp\www\yiic\framework\i18n\CMessageSource.php(86): CMessageSource->translateMessage('app', 'Create now a fr...', 'pt')
#8 C:\wamp\www\yiic\framework\YiiBase.php(576): CMessageSource->translate('app', 'Create now a fr...', NULL)
#9 C:\wamp\www\futuremail\themes\manuscript\views\layouts\main.php(53): YiiBase::t('app', 'Create now a fr...')
#10 C:\wamp\www\yiic\framework\web\CBaseController.php(127): require('C:\wamp\www\fut...')
#11 C:\wamp\www\yiic\framework\web\CBaseController.php(96): CBaseController->renderInternal('C:\wamp\www\fut...', Array, true)
#12 C:\wamp\www\yiic\framework\web\widgets\CContentDecorator.php(77): CBaseController->renderFile('C:\wamp\www\fut...', Array, true)
#13 C:\wamp\www\yiic\framework\web\widgets\CContentDecorator.php(55): CContentDecorator->decorate('<div id="conten...')
#14 C:\wamp\www\yiic\framework\web\widgets\COutputProcessor.php(45): CContentDecorator->processOutput('<div id="conten...')
#15 C:\wamp\www\yiic\framework\web\CBaseController.php(207): COutputProcessor->run()
#16 C:\wamp\www\yiic\framework\web\CBaseController.php(301): CBaseController->endWidget('CContentDecorat...')
#17 C:\wamp\www\futuremail\protected\views\layouts\column1.php(5): CBaseController->endContent()
#18 C:\wamp\www\yiic\framework\web\CBaseController.php(127): require('C:\wamp\www\fut...')
#19 C:\wamp\www\yiic\framework\web\CBaseController.php(96): CBaseController->renderInternal('C:\wamp\www\fut...', Array, true)
#20 C:\wamp\www\yiic\framework\web\CController.php(785): CBaseController->renderFile('C:\wamp\www\fut...', Array, true)
#21 C:\wamp\www\futuremail\protected\controllers\SiteController.php(32): CController->render('index')
#22 C:\wamp\www\yiic\framework\web\actions\CInlineAction.php(50): SiteController->actionIndex()
#23 C:\wamp\www\yiic\framework\web\CController.php(309): CInlineAction->runWithParams(Array)
#24 C:\wamp\www\yiic\framework\web\CController.php(287): CController->runAction(Object(CInlineAction))
#25 C:\wamp\www\yiic\framework\web\CController.php(266): CController->runActionWithFilters(Object(CInlineAction), Array)
#26 C:\wamp\www\yiic\framework\web\CWebApplication.php(276): CController->run('')
#27 C:\wamp\www\yiic\framework\web\CWebApplication.php(135): CWebApplication->runController('')
#28 C:\wamp\www\yiic\framework\base\CApplication.php(162): CWebApplication->processRequest()
#29 C:\wamp\www\futuremail\index.php(13): CApplication->run()
#30 {main}
REQUEST_URI=/futuremail/
---
2012/02/12 18:54:32 [error] [php] Undefined index: en_us (C:\wamp\www\futuremail\protected\modules\translate\views\edit\missing.php:1)
Stack trace:
#0 C:\wamp\www\yiic\framework\web\CController.php(870): EditController->renderFile()
#1 C:\wamp\www\yiic\framework\web\CController.php(783): EditController->renderPartial()
#2 C:\wamp\www\futuremail\protected\modules\translate\components\TranslateBaseController.php(25): EditController->render()
#3 C:\wamp\www\futuremail\protected\modules\translate\controllers\EditController.php(92): EditController->render()
#4 C:\wamp\www\yiic\framework\web\actions\CInlineAction.php(50): EditController->actionMissing()
#5 C:\wamp\www\yiic\framework\web\CController.php(309): CInlineAction->runWithParams()
#6 C:\wamp\www\yiic\framework\web\CController.php(287): EditController->runAction()
#7 C:\wamp\www\yiic\framework\web\CController.php(266): EditController->runActionWithFilters()
#8 C:\wamp\www\yiic\framework\web\CWebApplication.php(276): EditController->run()
#9 C:\wamp\www\yiic\framework\web\CWebApplication.php(135): CWebApplication->runController()
#10 C:\wamp\www\yiic\framework\base\CApplication.php(162): CWebApplication->processRequest()
#11 C:\wamp\www\futuremail\index.php(13): CWebApplication->run()
REQUEST_URI=/futuremail/index.php?r=translate/edit/missing
in C:\wamp\www\futuremail\protected\modules\translate\views\edit\missing.php (1)
in C:\wamp\www\futuremail\protected\modules\translate\components\TranslateBaseController.php (25)
in C:\wamp\www\futuremail\protected\modules\translate\controllers\EditController.php (92)
2012/02/12 19:05:21 [error] [php] Undefined index: en_us (C:\wamp\www\futuremail\protected\modules\translate\views\edit\missing.php:1)
Stack trace:
#0 C:\wamp\www\yiic\framework\web\CController.php(870): EditController->renderFile()
#1 C:\wamp\www\yiic\framework\web\CController.php(783): EditController->renderPartial()
#2 C:\wamp\www\futuremail\protected\modules\translate\components\TranslateBaseController.php(25): EditController->render()
#3 C:\wamp\www\futuremail\protected\modules\translate\controllers\EditController.php(92): EditController->render()
#4 C:\wamp\www\yiic\framework\web\actions\CInlineAction.php(50): EditController->actionMissing()
#5 C:\wamp\www\yiic\framework\web\CController.php(309): CInlineAction->runWithParams()
#6 C:\wamp\www\yiic\framework\web\CController.php(287): EditController->runAction()
#7 C:\wamp\www\yiic\framework\web\CController.php(266): EditController->runActionWithFilters()
#8 C:\wamp\www\yiic\framework\web\CWebApplication.php(276): EditController->run()
#9 C:\wamp\www\yiic\framework\web\CWebApplication.php(135): CWebApplication->runController()
#10 C:\wamp\www\yiic\framework\base\CApplication.php(162): CWebApplication->processRequest()
#11 C:\wamp\www\futuremail\index.php(13): CWebApplication->run()
REQUEST_URI=/futuremail/index.php?r=translate/edit/missing
in C:\wamp\www\futuremail\protected\modules\translate\views\edit\missing.php (1)
in C:\wamp\www\futuremail\protected\modules\translate\components\TranslateBaseController.php (25)
in C:\wamp\www\futuremail\protected\modules\translate\controllers\EditController.php (92)
2012/02/12 19:06:19 [error] [php] Undefined index: en_us (C:\wamp\www\futuremail\protected\modules\translate\views\edit\missing.php:1)
Stack trace:
#0 C:\wamp\www\yiic\framework\web\CController.php(870): EditController->renderFile()
#1 C:\wamp\www\yiic\framework\web\CController.php(783): EditController->renderPartial()
#2 C:\wamp\www\futuremail\protected\modules\translate\components\TranslateBaseController.php(25): EditController->render()
#3 C:\wamp\www\futuremail\protected\modules\translate\controllers\EditController.php(92): EditController->render()
#4 C:\wamp\www\yiic\framework\web\actions\CInlineAction.php(50): EditController->actionMissing()
#5 C:\wamp\www\yiic\framework\web\CController.php(309): CInlineAction->runWithParams()
#6 C:\wamp\www\yiic\framework\web\CController.php(287): EditController->runAction()
#7 C:\wamp\www\yiic\framework\web\CController.php(266): EditController->runActionWithFilters()
#8 C:\wamp\www\yiic\framework\web\CWebApplication.php(276): EditController->run()
#9 C:\wamp\www\yiic\framework\web\CWebApplication.php(135): CWebApplication->runController()
#10 C:\wamp\www\yiic\framework\base\CApplication.php(162): CWebApplication->processRequest()
#11 C:\wamp\www\futuremail\index.php(13): CWebApplication->run()
REQUEST_URI=/futuremail/index.php?r=translate/edit/missing
in C:\wamp\www\futuremail\protected\modules\translate\views\edit\missing.php (1)
in C:\wamp\www\futuremail\protected\modules\translate\components\TranslateBaseController.php (25)
in C:\wamp\www\futuremail\protected\modules\translate\controllers\EditController.php (92)
2012/02/12 19:07:00 [error] [php] Undefined index: en_us (C:\wamp\www\futuremail\protected\modules\translate\views\edit\missing.php:1)
Stack trace:
#0 C:\wamp\www\yiic\framework\web\CController.php(870): EditController->renderFile()
#1 C:\wamp\www\yiic\framework\web\CController.php(783): EditController->renderPartial()
#2 C:\wamp\www\futuremail\protected\modules\translate\components\TranslateBaseController.php(25): EditController->render()
#3 C:\wamp\www\futuremail\protected\modules\translate\controllers\EditController.php(92): EditController->render()
#4 C:\wamp\www\yiic\framework\web\actions\CInlineAction.php(50): EditController->actionMissing()
#5 C:\wamp\www\yiic\framework\web\CController.php(309): CInlineAction->runWithParams()
#6 C:\wamp\www\yiic\framework\web\CController.php(287): EditController->runAction()
#7 C:\wamp\www\yiic\framework\web\CController.php(266): EditController->runActionWithFilters()
#8 C:\wamp\www\yiic\framework\web\CWebApplication.php(276): EditController->run()
#9 C:\wamp\www\yiic\framework\web\CWebApplication.php(135): CWebApplication->runController()
#10 C:\wamp\www\yiic\framework\base\CApplication.php(162): CWebApplication->processRequest()
#11 C:\wamp\www\futuremail\index.php(13): CWebApplication->run()
REQUEST_URI=/futuremail/index.php?r=translate/edit/missing
in C:\wamp\www\futuremail\protected\modules\translate\views\edit\missing.php (1)
in C:\wamp\www\futuremail\protected\modules\translate\components\TranslateBaseController.php (25)
in C:\wamp\www\futuremail\protected\modules\translate\controllers\EditController.php (92)
2012/02/12 19:08:13 [error] [php] Undefined index: en_us (C:\wamp\www\futuremail\protected\modules\translate\views\edit\missing.php:1)
Stack trace:
#0 C:\wamp\www\yiic\framework\web\CController.php(870): EditController->renderFile()
#1 C:\wamp\www\yiic\framework\web\CController.php(783): EditController->renderPartial()
#2 C:\wamp\www\futuremail\protected\modules\translate\components\TranslateBaseController.php(25): EditController->render()
#3 C:\wamp\www\futuremail\protected\modules\translate\controllers\EditController.php(92): EditController->render()
#4 C:\wamp\www\yiic\framework\web\actions\CInlineAction.php(50): EditController->actionMissing()
#5 C:\wamp\www\yiic\framework\web\CController.php(309): CInlineAction->runWithParams()
#6 C:\wamp\www\yiic\framework\web\CController.php(287): EditController->runAction()
#7 C:\wamp\www\yiic\framework\web\CController.php(266): EditController->runActionWithFilters()
#8 C:\wamp\www\yiic\framework\web\CWebApplication.php(276): EditController->run()
#9 C:\wamp\www\yiic\framework\web\CWebApplication.php(135): CWebApplication->runController()
#10 C:\wamp\www\yiic\framework\base\CApplication.php(162): CWebApplication->processRequest()
#11 C:\wamp\www\futuremail\index.php(13): CWebApplication->run()
REQUEST_URI=/futuremail/index.php?r=translate/edit/missing
in C:\wamp\www\futuremail\protected\modules\translate\views\edit\missing.php (1)
in C:\wamp\www\futuremail\protected\modules\translate\components\TranslateBaseController.php (25)
in C:\wamp\www\futuremail\protected\modules\translate\controllers\EditController.php (92)
2012/02/12 19:11:23 [error] [php] Undefined index: en_us (C:\wamp\www\futuremail\protected\modules\translate\views\edit\missing.php:1)
Stack trace:
#0 C:\wamp\www\yiic\framework\web\CController.php(870): EditController->renderFile()
#1 C:\wamp\www\yiic\framework\web\CController.php(783): EditController->renderPartial()
#2 C:\wamp\www\futuremail\protected\modules\translate\components\TranslateBaseController.php(25): EditController->render()
#3 C:\wamp\www\futuremail\protected\modules\translate\controllers\EditController.php(92): EditController->render()
#4 C:\wamp\www\yiic\framework\web\actions\CInlineAction.php(50): EditController->actionMissing()
#5 C:\wamp\www\yiic\framework\web\CController.php(309): CInlineAction->runWithParams()
#6 C:\wamp\www\yiic\framework\web\CController.php(287): EditController->runAction()
#7 C:\wamp\www\yiic\framework\web\CController.php(266): EditController->runActionWithFilters()
#8 C:\wamp\www\yiic\framework\web\CWebApplication.php(276): EditController->run()
#9 C:\wamp\www\yiic\framework\web\CWebApplication.php(135): CWebApplication->runController()
#10 C:\wamp\www\yiic\framework\base\CApplication.php(162): CWebApplication->processRequest()
#11 C:\wamp\www\futuremail\index.php(13): CWebApplication->run()
REQUEST_URI=/futuremail/index.php?r=translate/edit/missing
in C:\wamp\www\futuremail\protected\modules\translate\views\edit\missing.php (1)
in C:\wamp\www\futuremail\protected\modules\translate\components\TranslateBaseController.php (25)
in C:\wamp\www\futuremail\protected\modules\translate\controllers\EditController.php (92)
2012/02/12 19:18:02 [error] [php] Undefined index: en_us (C:\wamp\www\futuremail\protected\modules\translate\views\edit\missing.php:5)
Stack trace:
#0 C:\wamp\www\yiic\framework\web\CController.php(870): EditController->renderFile()
#1 C:\wamp\www\yiic\framework\web\CController.php(783): EditController->renderPartial()
#2 C:\wamp\www\futuremail\protected\modules\translate\components\TranslateBaseController.php(25): EditController->render()
#3 C:\wamp\www\futuremail\protected\modules\translate\controllers\EditController.php(92): EditController->render()
#4 C:\wamp\www\yiic\framework\web\actions\CInlineAction.php(50): EditController->actionMissing()
#5 C:\wamp\www\yiic\framework\web\CController.php(309): CInlineAction->runWithParams()
#6 C:\wamp\www\yiic\framework\web\CController.php(287): EditController->runAction()
#7 C:\wamp\www\yiic\framework\web\CController.php(266): EditController->runActionWithFilters()
#8 C:\wamp\www\yiic\framework\web\CWebApplication.php(276): EditController->run()
#9 C:\wamp\www\yiic\framework\web\CWebApplication.php(135): CWebApplication->runController()
#10 C:\wamp\www\yiic\framework\base\CApplication.php(162): CWebApplication->processRequest()
#11 C:\wamp\www\futuremail\index.php(13): CWebApplication->run()
REQUEST_URI=/futuremail/index.php?r=translate/edit/missing
in C:\wamp\www\futuremail\protected\modules\translate\views\edit\missing.php (5)
in C:\wamp\www\futuremail\protected\modules\translate\components\TranslateBaseController.php (25)
in C:\wamp\www\futuremail\protected\modules\translate\controllers\EditController.php (92)
2012/02/12 21:25:49 [error] [exception.CException] exception 'CException' with message 'Eigenschaft "CMenu.0 ist nicht definiert.' in C:\wamp\www\yiic\framework\base\CComponent.php:174
Stack trace:
#0 C:\wamp\www\yiic\framework\web\CWidgetFactory.php(162): CComponent->__set('0', Array)
#1 C:\wamp\www\yiic\framework\web\CBaseController.php(147): CWidgetFactory->createWidget(Object(SiteController), 'zii.widgets.CMe...', Array)
#2 C:\wamp\www\yiic\framework\web\CBaseController.php(173): CBaseController->createWidget('zii.widgets.CMe...', Array)
#3 C:\wamp\www\futuremail\themes\manuscript\views\layouts\main.php(48): CBaseController->widget('zii.widgets.CMe...', Array)
#4 C:\wamp\www\yiic\framework\web\CBaseController.php(127): require('C:\wamp\www\fut...')
#5 C:\wamp\www\yiic\framework\web\CBaseController.php(96): CBaseController->renderInternal('C:\wamp\www\fut...', Array, true)
#6 C:\wamp\www\yiic\framework\web\widgets\CContentDecorator.php(77): CBaseController->renderFile('C:\wamp\www\fut...', Array, true)
#7 C:\wamp\www\yiic\framework\web\widgets\CContentDecorator.php(55): CContentDecorator->decorate('<div id="conten...')
#8 C:\wamp\www\yiic\framework\web\widgets\COutputProcessor.php(45): CContentDecorator->processOutput('<div id="conten...')
#9 C:\wamp\www\yiic\framework\web\CBaseController.php(207): COutputProcessor->run()
#10 C:\wamp\www\yiic\framework\web\CBaseController.php(301): CBaseController->endWidget('CContentDecorat...')
#11 C:\wamp\www\futuremail\protected\views\layouts\column1.php(5): CBaseController->endContent()
#12 C:\wamp\www\yiic\framework\web\CBaseController.php(127): require('C:\wamp\www\fut...')
#13 C:\wamp\www\yiic\framework\web\CBaseController.php(96): CBaseController->renderInternal('C:\wamp\www\fut...', Array, true)
#14 C:\wamp\www\yiic\framework\web\CController.php(785): CBaseController->renderFile('C:\wamp\www\fut...', Array, true)
#15 C:\wamp\www\futuremail\protected\controllers\SiteController.php(32): CController->render('index')
#16 C:\wamp\www\yiic\framework\web\actions\CInlineAction.php(50): SiteController->actionIndex()
#17 C:\wamp\www\yiic\framework\web\CController.php(309): CInlineAction->runWithParams(Array)
#18 C:\wamp\www\yiic\framework\web\CController.php(287): CController->runAction(Object(CInlineAction))
#19 C:\wamp\www\yiic\framework\web\CController.php(266): CController->runActionWithFilters(Object(CInlineAction), Array)
#20 C:\wamp\www\yiic\framework\web\CWebApplication.php(276): CController->run('index')
#21 C:\wamp\www\yiic\framework\web\CWebApplication.php(135): CWebApplication->runController('site/index')
#22 C:\wamp\www\yiic\framework\base\CApplication.php(162): CWebApplication->processRequest()
#23 C:\wamp\www\futuremail\index.php(13): CApplication->run()
#24 {main}
REQUEST_URI=/futuremail/index.php?r=site/index
HTTP_REFERER=http://localhost/futuremail/index.php?r=translate/edit/admin
---
2012/02/12 22:28:35 [error] [exception.CHttpException.404] exception 'CHttpException' with message 'Unable to resolve the request "services/index".' in C:\wamp\www\yiic\framework\web\CWebApplication.php:280
Stack trace:
#0 C:\wamp\www\yiic\framework\web\CWebApplication.php(135): CWebApplication->runController('services/index')
#1 C:\wamp\www\yiic\framework\base\CApplication.php(162): CWebApplication->processRequest()
#2 C:\wamp\www\futuremail\index.php(13): CApplication->run()
#3 {main}
REQUEST_URI=/futuremail/index.php?r=services/index
HTTP_REFERER=http://localhost/futuremail/index.php?r=site/login
---
2012/02/12 22:28:41 [error] [exception.CHttpException.404] exception 'CHttpException' with message 'Unable to resolve the request "services/newmessage".' in C:\wamp\www\yiic\framework\web\CWebApplication.php:280
Stack trace:
#0 C:\wamp\www\yiic\framework\web\CWebApplication.php(135): CWebApplication->runController('services/newmes...')
#1 C:\wamp\www\yiic\framework\base\CApplication.php(162): CWebApplication->processRequest()
#2 C:\wamp\www\futuremail\index.php(13): CApplication->run()
#3 {main}
REQUEST_URI=/futuremail/index.php?r=services/newmessage&tag=newunborn
HTTP_REFERER=http://localhost/futuremail/index.php?r=services/index
---
